#
# There is insufficient memory for the Java Runtime Environment to continue.
# Native memory allocation (mmap) failed to map 4161536 bytes. Error detail: G1 virtual space
# Possible reasons:
#   The system is out of physical RAM or swap space
#   This process is running with CompressedOops enabled, and the Java Heap may be blocking the growth of the native heap
# Possible solutions:
#   Reduce memory load on the system
#   Increase physical memory or swap space
#   Check if swap backing store is full
#   Decrease Java heap size (-Xmx/-Xms)
#   Decrease number of Java threads
#   Decrease Java thread stack sizes (-Xss)
#   Set larger code cache with -XX:ReservedCodeCacheSize=
#   JVM is running with Zero Based Compressed Oops mode in which the Java heap is
#     placed in the first 32GB address space. The Java Heap base address is the
#     maximum limit for the native heap growth. Please use -XX:HeapBaseMinAddress
#     to set the Java Heap base and to place the Java Heap above 32GB virtual address.
# This output file may be truncated or incomplete.
#
#  Out of Memory Error (os_windows.cpp:3631), pid=129440, tid=153592
#
# JRE version:  (22.0.2+9) (build )
# Java VM: Java HotSpot(TM) 64-Bit Server VM (22.0.2+9-70, mixed mode, sharing, tiered, compressed oops, compressed class ptrs, g1 gc, windows-amd64)
# No core dump will be written. Minidumps are not enabled by default on client versions of Windows
#

---------------  S U M M A R Y ------------

Command Line: --enable-preview -XX:+ShowCodeDetailsInExceptionMessages Main

Host: 11th Gen Intel(R) Core(TM) i5-1135G7 @ 2.40GHz, 8 cores, 15G,  Windows 11 , 64 bit Build 22000 (10.0.22000.2538)
Time: Tue Sep  3 18:01:58 2024 Sri Lanka Standard Time elapsed time: 0.018445 seconds (0d 0h 0m 0s)

---------------  T H R E A D  ---------------

Current thread (0x000001adf0f4d960):  JavaThread "Unknown thread" [_thread_in_vm, id=153592, stack(0x000000506d700000,0x000000506d800000) (1024K)]

Stack: [0x000000506d700000,0x000000506d800000]
Native frames: (J=compiled Java code, j=interpreted, Vv=VM code, C=native code)
V  [jvm.dll+0x6e26e9]  (no source info available)
V  [jvm.dll+0x875753]  (no source info available)
V  [jvm.dll+0x877b7e]  (no source info available)
V  [jvm.dll+0x878253]  (no source info available)
V  [jvm.dll+0x27fc86]  (no source info available)
V  [jvm.dll+0x6ded85]  (no source info available)
V  [jvm.dll+0x6d388a]  (no source info available)
V  [jvm.dll+0x358b8a]  (no source info available)
V  [jvm.dll+0x3610b6]  (no source info available)
V  [jvm.dll+0x3b41b3]  (no source info available)
V  [jvm.dll+0x3b4448]  (no source info available)
V  [jvm.dll+0x32c5ec]  (no source info available)
V  [jvm.dll+0x32d258]  (no source info available)
V  [jvm.dll+0x83d5ac]  (no source info available)
V  [jvm.dll+0x3c10d1]  (no source info available)
V  [jvm.dll+0x8264cc]  (no source info available)
V  [jvm.dll+0x45bd5e]  (no source info available)
V  [jvm.dll+0x45dbe1]  (no source info available)
C  [jli.dll+0x52a3]  (no source info available)
C  [ucrtbase.dll+0x26c0c]  (no source info available)
C  [KERNEL32.DLL+0x153e0]  (no source info available)
C  [ntdll.dll+0x485b]  (no source info available)


---------------  P R O C E S S  ---------------

Threads class SMR info:
_java_thread_list=0x00007ffc21fac1c8, length=0, elements={
}

Java Threads: ( => current thread )
Total: 0

Other Threads:
  0x000001adf0fb1830 WorkerThread "GC Thread#0"                     [id=149604, stack(0x000000506d800000,0x000000506d900000) (1024K)]
  0x000001adf0fc24b0 ConcurrentGCThread "G1 Main Marker"            [id=151300, stack(0x000000506d900000,0x000000506da00000) (1024K)]
  0x000001adf0fc2fd0 WorkerThread "G1 Conc#0"                       [id=141932, stack(0x000000506da00000,0x000000506db00000) (1024K)]

[error occurred during error reporting (printing all threads), id 0xc0000005, EXCEPTION_ACCESS_VIOLATION (0xc0000005) at pc=0x00007ffc216ff517]
VM state: not at safepoint (not fully initialized)

VM Mutex/Monitor currently owned by a thread:  ([mutex/lock_event])
[0x00007ffc2202cc80] Heap_lock - owner thread: 0x000001adf0f4d960

Heap address: 0x0000000703600000, size: 4042 MB, Compressed Oops mode: Zero based, Oop shift amount: 3

CDS archive(s) mapped at: [0x0000000000000000-0x0000000000000000-0x0000000000000000), size 0, SharedBaseAddress: 0x0000000800000000, ArchiveRelocationMode: 1.
Narrow klass base: 0x0000000000000000, Narrow klass shift: 0, Narrow klass range: 0x0

GC Precious Log:
 CardTable entry size: 512
 Card Set container configuration: InlinePtr #cards 4 size 8 Array Of Cards #cards 16 size 48 Howl #buckets 8 coarsen threshold 3686 Howl Bitmap #cards 512 size 80 coarsen threshold 460 Card regions per heap region 1 cards per card region 4096

Heap:
 garbage-first heap   total reserved 4139008K, committed 0K, used 0K [0x0000000703600000, 0x0000000800000000)
  region size 2048K, 0 young (0K), 0 survivors (0K)

[error occurred during error reporting (printing heap information), id 0xc0000005, EXCEPTION_ACCESS_VIOLATION (0xc0000005) at pc=0x00007ffc21afe869]
GC Heap History (0 events):
No events

Dll operation events (1 events):
Event: 0.006 Loaded shared library C:\Program Files\Java\jdk-22\bin\java.dll

Deoptimization events (0 events):
No events

Classes loaded (0 events):
No events

Classes unloaded (0 events):
No events

Classes redefined (0 events):
No events

Internal exceptions (0 events):
No events

ZGC Phase Switch (0 events):
No events

VM Operations (0 events):
No events

Memory protections (0 events):
No events

Nmethod flushes (0 events):
No events

Events (0 events):
No events


Dynamic libraries:
0x00007ff682ae0000 - 0x00007ff682af0000 	C:\Program Files\Java\jdk-22\bin\java.exe
0x00007ffc744c0000 - 0x00007ffc746c9000 	C:\Windows\SYSTEM32\ntdll.dll
0x00007ffc731d0000 - 0x00007ffc7328d000 	C:\Windows\System32\KERNEL32.DLL
0x00007ffc71ee0000 - 0x00007ffc72264000 	C:\Windows\System32\KERNELBASE.dll
0x00007ffc71bb0000 - 0x00007ffc71cc1000 	C:\Windows\System32\ucrtbase.dll
0x00007ffc63070000 - 0x00007ffc63087000 	C:\Program Files\Java\jdk-22\bin\jli.dll
0x00007ffc631e0000 - 0x00007ffc631fb000 	C:\Program Files\Java\jdk-22\bin\VCRUNTIME140.dll
0x00007ffc742d0000 - 0x00007ffc7447d000 	C:\Windows\System32\USER32.dll
0x00007ffc3de30000 - 0x00007ffc3e0d5000 	C:\Windows\WinSxS\amd64_microsoft.windows.common-controls_6595b64144ccf1df_6.0.22000.120_none_9d947278b86cc467\COMCTL32.dll
0x00007ffc71a10000 - 0x00007ffc71a36000 	C:\Windows\System32\win32u.dll
0x00007ffc735a0000 - 0x00007ffc73643000 	C:\Windows\System32\msvcrt.dll
0x00007ffc731a0000 - 0x00007ffc731ca000 	C:\Windows\System32\GDI32.dll
0x00007ffc71dc0000 - 0x00007ffc71ede000 	C:\Windows\System32\gdi32full.dll
0x00007ffc72270000 - 0x00007ffc7230d000 	C:\Windows\System32\msvcp_win.dll
0x00007ffc72510000 - 0x00007ffc72541000 	C:\Windows\System32\IMM32.DLL
0x00007ffc6da70000 - 0x00007ffc6da7c000 	C:\Program Files\Java\jdk-22\bin\vcruntime140_1.dll
0x00007ffc47e20000 - 0x00007ffc47eae000 	C:\Program Files\Java\jdk-22\bin\msvcp140.dll
0x00007ffc213c0000 - 0x00007ffc22109000 	C:\Program Files\Java\jdk-22\bin\server\jvm.dll
0x00007ffc73e80000 - 0x00007ffc73f2e000 	C:\Windows\System32\ADVAPI32.dll
0x00007ffc72560000 - 0x00007ffc725fe000 	C:\Windows\System32\sechost.dll
0x00007ffc72600000 - 0x00007ffc72721000 	C:\Windows\System32\RPCRT4.dll
0x00007ffc72730000 - 0x00007ffc7279f000 	C:\Windows\System32\WS2_32.dll
0x00007ffc711b0000 - 0x00007ffc711fd000 	C:\Windows\SYSTEM32\POWRPROF.dll
0x00007ffc6abe0000 - 0x00007ffc6ac13000 	C:\Windows\SYSTEM32\WINMM.dll
0x00007ffc68120000 - 0x00007ffc6812a000 	C:\Windows\SYSTEM32\VERSION.dll
0x00007ffc71170000 - 0x00007ffc71183000 	C:\Windows\SYSTEM32\UMPDC.dll
0x00007ffc70980000 - 0x00007ffc70998000 	C:\Windows\SYSTEM32\kernel.appcore.dll
0x00007ffc6da40000 - 0x00007ffc6da4a000 	C:\Program Files\Java\jdk-22\bin\jimage.dll
0x00007ffc6ebc0000 - 0x00007ffc6ede1000 	C:\Windows\SYSTEM32\DBGHELP.DLL
0x00007ffc54b20000 - 0x00007ffc54b51000 	C:\Windows\SYSTEM32\dbgcore.DLL
0x00007ffc71d40000 - 0x00007ffc71dbf000 	C:\Windows\System32\bcryptPrimitives.dll
0x00007ffc63050000 - 0x00007ffc6306e000 	C:\Program Files\Java\jdk-22\bin\java.dll
0x00007ffc736b0000 - 0x00007ffc73e75000 	C:\Windows\System32\SHELL32.dll
0x00007ffc72310000 - 0x00007ffc724aa000 	C:\Windows\System32\ole32.dll
0x00007ffc73f30000 - 0x00007ffc742a6000 	C:\Windows\System32\combase.dll

dbghelp: loaded successfully - version: 4.0.5 - missing functions: none
symbol engine: initialized successfully - sym options: 0x614 - pdb path: .;C:\Program Files\Java\jdk-22\bin;C:\Windows\SYSTEM32;C:\Windows\WinSxS\amd64_microsoft.windows.common-controls_6595b64144ccf1df_6.0.22000.120_none_9d947278b86cc467;C:\Program Files\Java\jdk-22\bin\server

VM Arguments:
jvm_args: --enable-preview -XX:+ShowCodeDetailsInExceptionMessages 
java_command: Main
java_class_path (initial): C:\Users\Admin\AppData\Roaming\Code\User\workspaceStorage\fbdc7bfda100049b40e382fca13b7421\redhat.java\jdt_ws\Car Rental System_575873e6\bin
Launcher Type: SUN_STANDARD

[Global flags]
     intx CICompilerCount                          = 4                                         {product} {ergonomic}
     uint ConcGCThreads                            = 2                                         {product} {ergonomic}
     uint G1ConcRefinementThreads                  = 8                                         {product} {ergonomic}
   size_t G1HeapRegionSize                         = 2097152                                   {product} {ergonomic}
   size_t InitialHeapSize                          = 266338304                                 {product} {ergonomic}
   size_t MarkStackSize                            = 4194304                                   {product} {ergonomic}
   size_t MaxHeapSize                              = 4238344192                                {product} {ergonomic}
   size_t MinHeapDeltaBytes                        = 2097152                                   {product} {ergonomic}
   size_t MinHeapSize                              = 8388608                                   {product} {ergonomic}
    uintx NonNMethodCodeHeapSize                   = 5839372                                {pd product} {ergonomic}
    uintx NonProfiledCodeHeapSize                  = 122909434                              {pd product} {ergonomic}
    uintx ProfiledCodeHeapSize                     = 122909434                              {pd product} {ergonomic}
    uintx ReservedCodeCacheSize                    = 251658240                              {pd product} {ergonomic}
     bool SegmentedCodeCache                       = true                                      {product} {ergonomic}
     bool ShowCodeDetailsInExceptionMessages       = true                                   {manageable} {command line}
   size_t SoftMaxHeapSize                          = 4238344192                             {manageable} {ergonomic}
     bool UseCompressedOops                        = true                           {product lp64_product} {ergonomic}
     bool UseG1GC                                  = true                                      {product} {ergonomic}
     bool UseLargePagesIndividualAllocation        = false                                  {pd product} {ergonomic}

Logging:
Log output configuration:
 #0: stdout all=warning uptime,level,tags foldmultilines=false
 #1: stderr all=off uptime,level,tags foldmultilines=false

Environment Variables:
JAVA_HOME=C:\Program Files\Java\jdk-22
PATH=C:\Program Files\Common Files\Oracle\Java\javapath;C:\Windows\system32;C:\Windows;C:\Windows\System32\Wbem;C:\Windows\System32\WindowsPowerShell\v1.0\;C:\Windows\System32\OpenSSH\;C:\Program Files\nodejs\;C:\Program Files (x86)\Git\cmd;C:\Program Files (x86)\Microsoft SQL Server\160\Tools\Binn\;C:\Program Files\Microsoft SQL Server\160\Tools\Binn\;C:\Program Files\Microsoft SQL Server\Client SDK\ODBC\170\Tools\Binn\;C:\Program Files\Microsoft SQL Server\160\DTS\Binn\;C:\Program Files (x86)\Microsoft SQL Server\160\DTS\Binn\;C:\Users\Admin\AppData\Local\Microsoft\WindowsApps;;C:\Users\Admin\AppData\Local\Programs\Microsoft VS Code\bin;C:\Users\Admin\AppData\Roaming\npm
USERNAME=Anjali
LANG=en_US.UTF-8
OS=Windows_NT
PROCESSOR_IDENTIFIER=Intel64 Family 6 Model 140 Stepping 1, GenuineIntel
TMP=C:\Users\Admin\AppData\Local\Temp
TEMP=C:\Users\Admin\AppData\Local\Temp




Periodic native trim disabled

---------------  S Y S T E M  ---------------

OS:
 Windows 11 , 64 bit Build 22000 (10.0.22000.2538)
OS uptime: 28 days 23:06 hours
Hyper-V role detected

CPU: total 8 (initial active 8) (4 cores per cpu, 2 threads per core) family 6 model 140 stepping 1 microcode 0xa4, cx8, cmov, fxsr, ht, mmx, 3dnowpref, sse, sse2, sse3, ssse3, sse4.1, sse4.2, popcnt, lzcnt, tsc, tscinvbit, avx, avx2, aes, erms, clmul, bmi1, bmi2, adx, avx512f, avx512dq, avx512cd, avx512bw, avx512vl, sha, fma, vzeroupper, avx512_vpopcntdq, avx512_vpclmulqdq, avx512_vaes, avx512_vnni, clflush, clflushopt, clwb, avx512_vbmi2, avx512_vbmi, hv, rdtscp, rdpid, fsrm, gfni, avx512_bitalg, f16c, cet_ibt, cet_ss, avx512_ifma
Processor Information for all 8 processors :
  Max Mhz: 2419, Current Mhz: 2419, Mhz Limit: 2419

Memory: 4k page, system-wide physical 16167M (1719M free)
TotalPageFile size 41768M (AvailPageFile size 5M)
current process WorkingSet (physical memory assigned to process): 12M, peak: 12M
current process commit charge ("private bytes"): 315M, peak: 319M

vm_info: Java HotSpot(TM) 64-Bit Server VM (22.0.2+9-70) for windows-amd64 JRE (22.0.2+9-70), built on 2024-06-04T16:52:23Z by "mach5one" with MS VC++ 17.6 (VS2022)

END.
